#
# A fatal error has been detected by the Java Runtime Environment:
#
#  Internal Error (javaCalls.cpp:51), pid=9616, tid=0x00007ff07b7f7700
#  guarantee(thread->is_Java_thread()) failed: crucial check - the VM thread cannot and must not escape to Java code
#
# JRE version: OpenJDK Runtime Environment (8.0_212-b03) (build 1.8.0_212-8u212-b03-0ubuntu1.18.04.1-b03)
# Java VM: OpenJDK 64-Bit Server VM (25.212-b03 mixed mode linux-amd64 compressed oops)
# Failed to write core dump. Core dumps have been disabled. To enable core dumping, try "ulimit -c unlimited" before starting Java again
#
# If you would like to submit a bug report, please visit:
#   http://bugreport.java.com/bugreport/crash.jsp
#

---------------  T H R E A D  ---------------

Current thread (0x00007ff090083000):  VMThread [stack: 0x00007ff07b6f8000,0x00007ff07b7f8000] [id=9625]

Stack: [0x00007ff07b6f8000,0x00007ff07b7f8000],  sp=0x00007ff07b7f5710,  free space=1013k
Native frames: (J=compiled Java code, j=interpreted, Vv=VM code, C=native code)
V  [libjvm.so+0xab46a2]
V  [libjvm.so+0x4db54d]
V  [libjvm.so+0x67e3d0]
V  [libjvm.so+0x680eb0]
V  [libjvm.so+0x67f3bb]
V  [libjvm.so+0x56ab06]
V  [libjvm.so+0x56abb4]
V  [libjvm.so+0x5d6653]
V  [libjvm.so+0x5d79ca]
V  [libjvm.so+0x5d9d43]
V  [libjvm.so+0x5dde6d]
V  [libjvm.so+0x5de26b]
V  [libjvm.so+0x8dda6f]
V  [libjvm.so+0x8df7c8]
V  [libjvm.so+0x8e0787]
V  [libjvm.so+0x8e1046]
V  [libjvm.so+0x63a132]
V  [libjvm.so+0x872c40]
V  [libjvm.so+0x759f29]
V  [libjvm.so+0xabaea6]
V  [libjvm.so+0xab91e5]
V  [libjvm.so+0xab9abd]
V  [libjvm.so+0xab9e97]
V  [libjvm.so+0x8ecb42]

VM_Operation (0x00007ff07b1ed950): GetOrSetLocal, mode: safepoint, requested by thread 0x00007ff0900cf000


---------------  P R O C E S S  ---------------

Java Threads: ( => current thread )
  0x00007ff0900f7800 JavaThread "Service Thread" daemon [_thread_blocked, id=9643, stack(0x00007ff07aae8000,0x00007ff07abe9000)]
  0x00007ff0900d9800 JavaThread "C1 CompilerThread2" daemon [_thread_blocked, id=9642, stack(0x00007ff07abea000,0x00007ff07acea000)]
  0x00007ff0900d7800 JavaThread "C2 CompilerThread1" daemon [_thread_blocked, id=9641, stack(0x00007ff07aceb000,0x00007ff07adeb000)]
  0x00007ff0900d4800 JavaThread "C2 CompilerThread0" daemon [_thread_blocked, id=9640, stack(0x00007ff07adec000,0x00007ff07aeec000)]
  0x00007ff048001000 JavaThread "JDWP Command Reader" daemon [_thread_in_native, id=9639, stack(0x00007ff07aeec000,0x00007ff07afed000)]
  0x00007ff0900d2800 JavaThread "JDWP Event Helper Thread" daemon [_thread_blocked, id=9637, stack(0x00007ff07afed000,0x00007ff07b0ee000)]
  0x00007ff0900cf000 JavaThread "JDWP Transport Listener: dt_socket" daemon [_thread_blocked, id=9635, stack(0x00007ff07b0ee000,0x00007ff07b1ef000)]
  0x00007ff0900c0000 JavaThread "Signal Dispatcher" daemon [_thread_blocked, id=9634, stack(0x00007ff07b3f4000,0x00007ff07b4f5000)]
  0x00007ff09008f000 JavaThread "Finalizer" daemon [_thread_blocked, id=9627, stack(0x00007ff07b4f5000,0x00007ff07b5f6000)]
  0x00007ff09008c800 JavaThread "Reference Handler" daemon [_thread_blocked, id=9626, stack(0x00007ff07b5f6000,0x00007ff07b6f7000)]
  0x00007ff090015000 JavaThread "main" [_thread_blocked, id=9618, stack(0x00007ff099d03000,0x00007ff099e03000)]

Other Threads:
=>0x00007ff090083000 VMThread [stack: 0x00007ff07b6f8000,0x00007ff07b7f8000] [id=9625]
  0x00007ff0900fa000 WatcherThread [stack: 0x00007ff07a9e8000,0x00007ff07aae8000] [id=9644]

VM state:at safepoint (normal execution)

VM Mutex/Monitor currently owned by a thread:  ([mutex/lock_event])
[0x00007ff0900115c0] Threads_lock - owner thread: 0x00007ff090083000

heap address: 0x00000006c8e00000, size: 3954 MB, Compressed Oops mode: Zero based, Oop shift amount: 3
Narrow klass base: 0x0000000000000000, Narrow klass shift: 3
Compressed class space size: 1073741824 Address: 0x00000007c0000000

Heap:
 PSYoungGen      total 74240K, used 55897K [0x000000076da00000, 0x0000000772c80000, 0x00000007c0000000)
  eden space 64000K, 80% used [0x000000076da00000,0x0000000770c48408,0x0000000771880000)
  from space 10240K, 43% used [0x0000000771880000,0x0000000771cce2e0,0x0000000772280000)
  to   space 10240K, 0% used [0x0000000772280000,0x0000000772280000,0x0000000772c80000)
 ParOldGen       total 169472K, used 8K [0x00000006c8e00000, 0x00000006d3380000, 0x000000076da00000)
  object space 169472K, 0% used [0x00000006c8e00000,0x00000006c8e02000,0x00000006d3380000)
 Metaspace       used 11716K, capacity 11962K, committed 12288K, reserved 1060864K
  class space    used 1660K, capacity 1749K, committed 1792K, reserved 1048576K

Card table byte_map: [0x00007ff0953cd000,0x00007ff095b87000] byte_map_base: 0x00007ff091d86000

Marking Bits: (ParMarkBitMap*) 0x00007ff098fa33c0
 Begin Bits: [0x00007ff05c470000, 0x00007ff060238000)
 End Bits:   [0x00007ff060238000, 0x00007ff064000000)

Polling page: 0x00007ff099e24000

CodeCache: size=245760Kb used=3826Kb max_used=3835Kb free=241933Kb
 bounds [0x00007ff081000000, 0x00007ff0813c0000, 0x00007ff090000000]
 total_blobs=1415 nmethods=1092 adapters=244
 compilation: enabled

Compilation events (10 events):
Event: 4.785 Thread 0x00007ff0900d9800 1088       3       sun.invoke.util.Wrapper::forBasicType (16 bytes)
Event: 4.785 Thread 0x00007ff0900d9800 nmethod 1088 0x00007ff0813bb790 code [0x00007ff0813bb920, 0x00007ff0813bbb98]
Event: 4.903 Thread 0x00007ff0900d7800 1089       4       java.util.HashMap::put (13 bytes)
Event: 4.914 Thread 0x00007ff0900d7800 nmethod 1089 0x00007ff0813bef90 code [0x00007ff0813bf140, 0x00007ff0813bf7b8]
Event: 65.740 Thread 0x00007ff0900d9800 1090       3       java.lang.String::valueOf (14 bytes)
Event: 65.741 Thread 0x00007ff0900d9800 nmethod 1090 0x00007ff0813beb10 code [0x00007ff0813bec80, 0x00007ff0813beee8]
Event: 65.741 Thread 0x00007ff0900d9800 1091       3       java.lang.StringBuilder::append (9 bytes)
Event: 65.742 Thread 0x00007ff0900d9800 nmethod 1091 0x00007ff0813be410 code [0x00007ff0813be5a0, 0x00007ff0813be998]
Event: 460.901 Thread 0x00007ff0900d9800 1092       3       java.util.AbstractCollection::isEmpty (13 bytes)
Event: 460.901 Thread 0x00007ff0900d9800 nmethod 1092 0x00007ff0813bdf90 code [0x00007ff0813be100, 0x00007ff0813be368]

GC Heap History (2 events):
Event: 1.439 GC heap before
{Heap before GC invocations=1 (full 0):
 PSYoungGen      total 74240K, used 64000K [0x000000076da00000, 0x0000000772c80000, 0x00000007c0000000)
  eden space 64000K, 100% used [0x000000076da00000,0x0000000771880000,0x0000000771880000)
  from space 10240K, 0% used [0x0000000772280000,0x0000000772280000,0x0000000772c80000)
  to   space 10240K, 0% used [0x0000000771880000,0x0000000771880000,0x0000000772280000)
 ParOldGen       total 169472K, used 0K [0x00000006c8e00000, 0x00000006d3380000, 0x000000076da00000)
  object space 169472K, 0% used [0x00000006c8e00000,0x00000006c8e00000,0x00000006d3380000)
 Metaspace       used 6971K, capacity 7448K, committed 7680K, reserved 1056768K
  class space    used 989K, capacity 1012K, committed 1024K, reserved 1048576K
Event: 1.447 GC heap after
Heap after GC invocations=1 (full 0):
 PSYoungGen      total 74240K, used 4408K [0x000000076da00000, 0x0000000772c80000, 0x00000007c0000000)
  eden space 64000K, 0% used [0x000000076da00000,0x000000076da00000,0x0000000771880000)
  from space 10240K, 43% used [0x0000000771880000,0x0000000771cce2e0,0x0000000772280000)
  to   space 10240K, 0% used [0x0000000772280000,0x0000000772280000,0x0000000772c80000)
 ParOldGen       total 169472K, used 8K [0x00000006c8e00000, 0x00000006d3380000, 0x000000076da00000)
  object space 169472K, 0% used [0x00000006c8e00000,0x00000006c8e02000,0x00000006d3380000)
 Metaspace       used 6971K, capacity 7448K, committed 7680K, reserved 1056768K
  class space    used 989K, capacity 1012K, committed 1024K, reserved 1048576K
}

Deoptimization events (10 events):
Event: 1.503 Thread 0x00007ff090015000 Uncommon trap: reason=range_check action=make_not_entrant pc=0x00007ff0811eab74 method=sun.reflect.generics.parser.SignatureParser.current()C @ 34
Event: 2.062 Thread 0x00007ff090015000 Uncommon trap: reason=class_check action=maybe_recompile pc=0x00007ff0812fa368 method=net.bytebuddy.description.type.TypeList$Explicit.size()I @ 4
Event: 2.062 Thread 0x00007ff090015000 Uncommon trap: reason=class_check action=maybe_recompile pc=0x00007ff0812fa368 method=net.bytebuddy.description.type.TypeList$Explicit.size()I @ 4
Event: 2.062 Thread 0x00007ff090015000 Uncommon trap: reason=class_check action=maybe_recompile pc=0x00007ff0812fa368 method=net.bytebuddy.description.type.TypeList$Explicit.size()I @ 4
Event: 2.062 Thread 0x00007ff090015000 Uncommon trap: reason=class_check action=maybe_recompile pc=0x00007ff0812fa368 method=net.bytebuddy.description.type.TypeList$Explicit.size()I @ 4
Event: 2.290 Thread 0x00007ff090015000 Uncommon trap: reason=unstable_if action=reinterpret pc=0x00007ff081317ba4 method=java.lang.String.equalsIgnoreCase(Ljava/lang/String;)Z @ 39
Event: 2.296 Thread 0x00007ff090015000 Uncommon trap: reason=unstable_if action=reinterpret pc=0x00007ff0812fafac method=java.lang.CharacterDataLatin1.toUpperCase(I)I @ 12
Event: 2.296 Thread 0x00007ff090015000 Uncommon trap: reason=unstable_if action=reinterpret pc=0x00007ff08126cc20 method=java.lang.CharacterDataLatin1.toUpperCase(I)I @ 12
Event: 2.312 Thread 0x00007ff090015000 Uncommon trap: reason=unstable_if action=reinterpret pc=0x00007ff081350568 method=java.net.URL.<init>(Ljava/net/URL;Ljava/lang/String;Ljava/net/URLStreamHandler;)V @ 177
Event: 2.327 Thread 0x00007ff090015000 Uncommon trap: reason=unstable_if action=reinterpret pc=0x00007ff0812454ac method=java.lang.String.lastIndexOf([CII[CIII)I @ 17

Classes redefined (9 events):
Event: 4783.634 Thread 0x00007ff090083000 redefined class name=com.cogent.service.impl.DepartmentServiceImpl, count=1
Event: 4866.072 Thread 0x00007ff090083000 redefined class name=com.cogent.servicetest.DepartmentServiceImplTest, count=1
Event: 4886.096 Thread 0x00007ff090083000 redefined class name=com.cogent.service.impl.DepartmentServiceImpl, count=2
Event: 5018.696 Thread 0x00007ff090083000 redefined class name=com.cogent.servicetest.DepartmentServiceImplTest, count=2
Event: 5094.745 Thread 0x00007ff090083000 redefined class name=com.cogent.servicetest.DepartmentServiceImplTest, count=3
Event: 5788.735 Thread 0x00007ff090083000 redefined class name=com.cogent.service.impl.DepartmentServiceImpl, count=3
Event: 6470.563 Thread 0x00007ff090083000 redefined class name=com.cogent.servicetest.DepartmentServiceImplTest, count=4
Event: 6943.900 Thread 0x00007ff090083000 redefined class name=com.cogent.servicetest.DepartmentServiceImplTest, count=5
Event: 6963.723 Thread 0x00007ff090083000 redefined class name=com.cogent.servicetest.DepartmentServiceImplTest, count=6

Internal exceptions (10 events):
Event: 0.566 Thread 0x00007ff090015000 Exception <a 'java/security/PrivilegedActionException'> (0x000000076dfc7808) thrown at [/build/openjdk-8-fPix8r/openjdk-8-8u212-b03/src/hotspot/src/share/vm/prims/jvm.cpp, line 1502]
Event: 0.566 Thread 0x00007ff090015000 Exception <a 'java/security/PrivilegedActionException'> (0x000000076dfc7a18) thrown at [/build/openjdk-8-fPix8r/openjdk-8-8u212-b03/src/hotspot/src/share/vm/prims/jvm.cpp, line 1502]
Event: 0.566 Thread 0x00007ff090015000 Exception <a 'java/security/PrivilegedActionException'> (0x000000076dfc84f0) thrown at [/build/openjdk-8-fPix8r/openjdk-8-8u212-b03/src/hotspot/src/share/vm/prims/jvm.cpp, line 1502]
Event: 0.566 Thread 0x00007ff090015000 Exception <a 'java/security/PrivilegedActionException'> (0x000000076dfc8700) thrown at [/build/openjdk-8-fPix8r/openjdk-8-8u212-b03/src/hotspot/src/share/vm/prims/jvm.cpp, line 1502]
Event: 1.503 Thread 0x00007ff090015000 Exception <a 'java/lang/ArrayIndexOutOfBoundsException': 18> (0x000000076de2fc78) thrown at [/build/openjdk-8-fPix8r/openjdk-8-8u212-b03/src/hotspot/src/share/vm/interpreter/interpreterRuntime.cpp, line 368]
Event: 1.523 Thread 0x00007ff090015000 Exception <a 'java/lang/ArrayIndexOutOfBoundsException': 22> (0x000000076dfbfe58) thrown at [/build/openjdk-8-fPix8r/openjdk-8-8u212-b03/src/hotspot/src/share/vm/interpreter/interpreterRuntime.cpp, line 368]
Event: 1.523 Thread 0x00007ff090015000 Exception <a 'java/lang/ArrayIndexOutOfBoundsException': 160> (0x000000076dfc2018) thrown at [/build/openjdk-8-fPix8r/openjdk-8-8u212-b03/src/hotspot/src/share/vm/interpreter/interpreterRuntime.cpp, line 368]
Event: 2.322 Thread 0x00007ff090015000 Exception <a 'java/io/FileNotFoundException'> (0x0000000770476340) thrown at [/build/openjdk-8-fPix8r/openjdk-8-8u212-b03/src/hotspot/src/share/vm/prims/jni.cpp, line 710]
Event: 4.759 Thread 0x00007ff090015000 Exception <a 'java/lang/NoSuchFieldError': method resolution failed> (0x0000000770936c80) thrown at [/build/openjdk-8-fPix8r/openjdk-8-8u212-b03/src/hotspot/src/share/vm/prims/methodHandles.cpp, line 1167]
Event: 4.762 Thread 0x00007ff090015000 Exception <a 'java/lang/NoSuchFieldError': method resolution failed> (0x0000000770944370) thrown at [/build/openjdk-8-fPix8r/openjdk-8-8u212-b03/src/hotspot/src/share/vm/prims/methodHandles.cpp, line 1167]

Events (10 events):
Event: 6963.714 Executing VM operation: ChangeBreakpoints done
Event: 6963.714 Executing VM operation: ChangeBreakpoints
Event: 6963.714 Executing VM operation: ChangeBreakpoints done
Event: 6963.715 Executing VM operation: ChangeBreakpoints
Event: 6963.715 Executing VM operation: ChangeBreakpoints done
Event: 6963.715 Executing VM operation: ChangeBreakpoints
Event: 6963.715 Executing VM operation: ChangeBreakpoints done
Event: 6963.718 Executing VM operation: RedefineClasses
Event: 6963.724 Executing VM operation: RedefineClasses done
Event: 6963.724 Executing VM operation: GetOrSetLocal


Dynamic libraries:
6c8e00000-6d3380000 rw-p 00000000 00:00 0 
6d3380000-76da00000 ---p 00000000 00:00 0 
76da00000-772c80000 rw-p 00000000 00:00 0 
772c80000-7c0000000 ---p 00000000 00:00 0 
7c0000000-7c01c0000 rw-p 00000000 00:00 0 
7c01c0000-800000000 ---p 00000000 00:00 0 
55924d26a000-55924d26b000 r-xp 00000000 08:02 13902787                   /usr/lib/jvm/java-8-openjdk-amd64/jre/bin/java
55924d46a000-55924d46b000 r--p 00000000 08:02 13902787                   /usr/lib/jvm/java-8-openjdk-amd64/jre/bin/java
55924d46b000-55924d46c000 rw-p 00001000 08:02 13902787                   /usr/lib/jvm/java-8-openjdk-amd64/jre/bin/java
55924f0cc000-55924f0ed000 rw-p 00000000 00:00 0                          [heap]
7ff030000000-7ff030021000 rw-p 00000000 00:00 0 
7ff030021000-7ff034000000 ---p 00000000 00:00 0 
7ff034000000-7ff034021000 rw-p 00000000 00:00 0 
7ff034021000-7ff038000000 ---p 00000000 00:00 0 
7ff038000000-7ff0381d0000 rw-p 00000000 00:00 0 
7ff0381d0000-7ff03c000000 ---p 00000000 00:00 0 
7ff03c000000-7ff03c275000 rw-p 00000000 00:00 0 
7ff03c275000-7ff040000000 ---p 00000000 00:00 0 
7ff040000000-7ff040021000 rw-p 00000000 00:00 0 
7ff040021000-7ff044000000 ---p 00000000 00:00 0 
7ff044000000-7ff044274000 rw-p 00000000 00:00 0 
7ff044274000-7ff048000000 ---p 00000000 00:00 0 
7ff048000000-7ff04804a000 rw-p 00000000 00:00 0 
7ff04804a000-7ff04c000000 ---p 00000000 00:00 0 
7ff04c000000-7ff04c038000 rw-p 00000000 00:00 0 
7ff04c038000-7ff050000000 ---p 00000000 00:00 0 
7ff050000000-7ff050021000 rw-p 00000000 00:00 0 
7ff050021000-7ff054000000 ---p 00000000 00:00 0 
7ff054000000-7ff054021000 rw-p 00000000 00:00 0 
7ff054021000-7ff058000000 ---p 00000000 00:00 0 
7ff058000000-7ff058021000 rw-p 00000000 00:00 0 
7ff058021000-7ff05c000000 ---p 00000000 00:00 0 
7ff05c470000-7ff064000000 rw-p 00000000 00:00 0 
7ff064000000-7ff064021000 rw-p 00000000 00:00 0 
7ff064021000-7ff068000000 ---p 00000000 00:00 0 
7ff068000000-7ff0682a0000 rw-p 00000000 00:00 0 
7ff0682a0000-7ff06c000000 ---p 00000000 00:00 0 
7ff06c000000-7ff06c021000 rw-p 00000000 00:00 0 
7ff06c021000-7ff070000000 ---p 00000000 00:00 0 
7ff074000000-7ff074021000 rw-p 00000000 00:00 0 
7ff074021000-7ff078000000 ---p 00000000 00:00 0 
7ff07a213000-7ff07a253000 rw-p 00000000 00:00 0 
7ff07a253000-7ff07a413000 ---p 00000000 00:00 0 
7ff07a413000-7ff07a613000 rw-p 00000000 00:00 0 
7ff07a613000-7ff07a614000 r--s 00000000 08:02 4197667                    /home/f1soft/.m2/repository/org/hibernate/hibernate-entitymanager/5.4.0.Final/hibernate-entitymanager-5.4.0.Final.jar
7ff07a614000-7ff07a61a000 r--s 00047000 08:02 6424037                    /home/f1soft/.m2/repository/com/sun/xml/fastinfoset/FastInfoset/1.2.15/FastInfoset-1.2.15.jar
7ff07a61a000-7ff07a61b000 r--s 00008000 08:02 6424036                    /home/f1soft/.m2/repository/org/jvnet/staxex/stax-ex/1.8/stax-ex-1.8.jar
7ff07a61b000-7ff07a61d000 r--s 00005000 08:02 6424033                    /home/f1soft/.m2/repository/com/sun/istack/istack-commons-runtime/3.0.7/istack-commons-runtime-3.0.7.jar
7ff07a61d000-7ff07a620000 r--s 0000f000 08:02 6424031                    /home/f1soft/.m2/repository/org/glassfish/jaxb/txw2/2.3.1/txw2-2.3.1.jar
7ff07a620000-7ff07a634000 r--s 000f7000 08:02 6424029                    /home/f1soft/.m2/repository/org/glassfish/jaxb/jaxb-runtime/2.3.1/jaxb-runtime-2.3.1.jar
7ff07a634000-7ff07a637000 r--s 00010000 08:02 5901854                    /home/f1soft/.m2/repository/org/hibernate/common/hibernate-commons-annotations/5.1.0.Final/hibernate-commons-annotations-5.1.0.Final.jar
7ff07a637000-7ff07a63c000 r--s 0004b000 08:02 6422562                    /home/f1soft/.m2/repository/org/dom4j/dom4j/2.1.1/dom4j-2.1.1.jar
7ff07a63c000-7ff07a63e000 r--s 0000c000 08:02 6036504                    /home/f1soft/.m2/repository/javax/activation/javax.activation-api/1.2.0/javax.activation-api-1.2.0.jar
7ff07a63e000-7ff07a641000 r--s 0002b000 08:02 4197645                    /home/f1soft/.m2/repository/org/jboss/jandex/2.0.5.Final/jandex-2.0.5.Final.jar
7ff07a641000-7ff07a643000 r--s 00005000 08:02 5638771                    /home/f1soft/.m2/repository/org/jboss/spec/javax/transaction/jboss-transaction-api_1.2_spec/1.1.1.Final/jboss-transaction-api_1.2_spec-1.1.1.Final.jar
7ff07a643000-7ff07a648000 r--s 00068000 08:02 3672385                    /home/f1soft/.m2/repository/antlr/antlr/2.7.7/antlr-2.7.7.jar
7ff07a648000-7ff07a68f000 r--s 002dd000 08:02 7864518                    /home/f1soft/.m2/repository/net/bytebuddy/byte-buddy/1.9.13/byte-buddy-1.9.13.jar
7ff07a68f000-7ff07a699000 r--s 000b4000 08:02 6424027                    /home/f1soft/.m2/repository/org/javassist/javassist/3.24.0-GA/javassist-3.24.0-GA.jar
7ff07a699000-7ff07a69f000 r--s 00023000 08:02 6422558                    /home/f1soft/.m2/repository/javax/persistence/javax.persistence-api/2.2/javax.persistence-api-2.2.jar
7ff07a69f000-7ff07a6a1000 r--s 0000f000 08:02 6292792                    /home/f1soft/.m2/repository/org/jboss/logging/jboss-logging/3.3.2.Final/jboss-logging-3.3.2.Final.jar
7ff07a6a1000-7ff07a726000 r--s 0063d000 08:02 6293545                    /home/f1soft/.m2/repository/org/hibernate/hibernate-core/5.4.0.Final/hibernate-core-5.4.0.Final.jar
7ff07a726000-7ff07a72e000 r--s 00037000 08:02 7864466                    /home/f1soft/.m2/repository/org/springframework/spring-tx/5.1.8.RELEASE/spring-tx-5.1.8.RELEASE.jar
7ff07a72e000-7ff07a737000 r--s 0005a000 08:02 7864476                    /home/f1soft/.m2/repository/org/springframework/spring-jdbc/5.1.8.RELEASE/spring-jdbc-5.1.8.RELEASE.jar
7ff07a737000-7ff07a743000 r--s 00099000 08:02 5640348                    /home/f1soft/.m2/repository/org/springframework/spring-beans/5.1.8.RELEASE/spring-beans-5.1.8.RELEASE.jar
7ff07a743000-7ff07a747000 r--s 0002d000 08:02 7864475                    /home/f1soft/.m2/repository/org/springframework/spring-orm/5.1.8.RELEASE/spring-orm-5.1.8.RELEASE.jar
7ff07a747000-7ff07a74b000 r--s 00025000 08:02 6292844                    /home/f1soft/.m2/repository/org/xmlunit/xmlunit-core/2.6.2/xmlunit-core-2.6.2.jar
7ff07a74b000-7ff07a759000 r--s 0008a000 08:02 7864468                    /home/f1soft/.m2/repository/org/springframework/spring-test/5.1.8.RELEASE/spring-test-5.1.8.RELEASE.jar
7ff07a759000-7ff07a75a000 r--s 00005000 08:02 7739944                    /home/f1soft/.m2/repository/org/springframework/spring-jcl/5.1.8.RELEASE/spring-jcl-5.1.8.RELEASE.jar
7ff07a75a000-7ff07a773000 r--s 00123000 08:02 5247567                    /home/f1soft/.m2/repository/org/springframework/spring-core/5.1.8.RELEASE/spring-core-5.1.8.RELEASE.jar
7ff07a773000-7ff07a774000 r--s 00004000 08:02 6293163                    /home/f1soft/.m2/repository/com/vaadin/external/google/android-json/0.0.20131108.vaadin1/android-json-0.0.20131108.vaadin1.jar
7ff07a774000-7ff07a776000 r--s 00006000 08:02 6292840                    /home/f1soft/.m2/repository/org/skyscreamer/jsonassert/1.5.0/jsonassert-1.5.0.jar
7ff07a776000-7ff07a777000 r--s 0000c000 08:02 6292828                    /home/f1soft/.m2/repository/org/hamcrest/hamcrest-library/1.3/hamcrest-library-1.3.jar
7ff07a777000-7ff07a779000 r--s 00009000 08:02 6292809                    /home/f1soft/.m2/repository/org/hamcrest/hamcrest-core/1.3/hamcrest-core-1.3.jar
7ff07a779000-7ff07a77b000 r--s 0000c000 08:02 6292816                    /home/f1soft/.m2/repository/org/objenesis/objenesis/2.6/objenesis-2.6.jar
7ff07a77b000-7ff07a77d000 r--s 00009000 08:02 7864513                    /home/f1soft/.m2/repository/net/bytebuddy/byte-buddy-agent/1.9.13/byte-buddy-agent-1.9.13.jar
7ff07a77d000-7ff07a78d000 r--s 0007a000 08:02 6293174                    /home/f1soft/.m2/repository/org/mockito/mockito-core/2.23.4/mockito-core-2.23.4.jar
7ff07a78d000-7ff07a7e8000 r--s 0038b000 08:02 6293124                    /home/f1soft/.m2/repository/org/assertj/assertj-core/3.11.1/assertj-core-3.11.1.jar
7ff07a7e8000-7ff07a7f0000 r--s 00045000 08:02 6292950                    /home/f1soft/.m2/repository/junit/junit/4.12/junit-4.12.jar
7ff07a7f0000-7ff07a7f2000 r--s 0000c000 08:02 6292921                    /home/f1soft/.m2/repository/org/ow2/asm/asm/5.0.4/asm-5.0.4.jar
7ff07a7f2000-7ff07a7f4000 r--s 00006000 08:02 6293187                    /home/f1soft/.m2/repository/net/minidev/accessors-smart/1.2/accessors-smart-1.2.jar
7ff07a7f4000-7ff07a7f7000 r--s 0001b000 08:02 6292958                    /home/f1soft/.m2/repository/net/minidev/json-smart/2.3/json-smart-2.3.jar
7ff07a7f7000-7ff07a7fd000 r--s 00031000 08:02 6293110                    /home/f1soft/.m2/repository/com/jayway/jsonpath/json-path/2.4.0/json-path-2.4.0.jar
7ff07a7fd000-7ff07a804000 r--s 00024000 08:02 7864514                    /home/f1soft/.m2/repository/org/springframework/boot/spring-boot-test-autoconfigure/2.1.6.RELEASE/spring-boot-test-autoconfigure-2.1.6.RELEASE.jar
7ff07a804000-7ff07a80a000 r--s 0002b000 08:02 7864516                    /home/f1soft/.m2/repository/org/springframework/boot/spring-boot-test/2.1.6.RELEASE/spring-boot-test-2.1.6.RELEASE.jar
7ff07a80a000-7ff07a80b000 r--s 00000000 08:02 7864508                    /home/f1soft/.m2/repository/org/springframework/boot/spring-boot-starter-test/2.1.6.RELEASE/spring-boot-starter-test-2.1.6.RELEASE.jar
7ff07a80b000-7ff07a822000 r--s 00190000 08:02 6292703                    /home/f1soft/.m2/repository/org/projectlombok/lombok/1.18.8/lombok-1.18.8.jar
7ff07a822000-7ff07a83a000 r--s 00218000 08:02 4197601                    /home/f1soft/.m2/repository/mysql/mysql-connector-java/8.0.16/mysql-connector-java-8.0.16.jar
7ff07a83a000-7ff07a85e000 r--s 00110000 08:02 7739938                    /home/f1soft/.m2/repository/org/springframework/boot/spring-boot-autoconfigure/2.1.6.RELEASE/spring-boot-autoconfigure-2.1.6.RELEASE.jar
7ff07a85e000-7ff07a873000 r--s 000d4000 08:02 5120689                    /home/f1soft/.m2/repository/org/springframework/boot/spring-boot/2.1.6.RELEASE/spring-boot-2.1.6.RELEASE.jar
7ff07a873000-7ff07a879000 r--s 0002e000 08:02 7864511                    /home/f1soft/.m2/repository/org/springframework/boot/spring-boot-devtools/2.1.6.RELEASE/spring-boot-devtools-2.1.6.RELEASE.jar
7ff07a879000-7ff07a87b000 r--s 0000e000 08:02 4196691                    /home/f1soft/.m2/repository/javax/activation/activation/1.1/activation-1.1.jar
7ff07a87b000-7ff07a87d000 r--s 00004000 08:02 4196818                    /home/f1soft/.m2/repository/javax/xml/stream/stax-api/1.0-2/stax-api-1.0-2.jar
7ff07a87d000-7ff07a880000 r--s 00013000 08:02 4196953                    /home/f1soft/.m2/repository/javax/xml/bind/jaxb-api/2.1/jaxb-api-2.1.jar
7ff07a880000-7ff07a881000 r--s 00005000 08:02 7738279                    /home/f1soft/.m2/repository/io/springfox/springfox-bean-validators/2.8.0/springfox-bean-validators-2.8.0.jar
7ff07a881000-7ff07a882000 r--s 0041e000 08:02 7738371                    /home/f1soft/.m2/repository/io/springfox/springfox-swagger-ui/2.8.0/springfox-swagger-ui-2.8.0.jar
7ff07a882000-7ff07a884000 r--s 00004000 08:02 7738363                    /home/f1soft/.m2/repository/org/mapstruct/mapstruct/1.2.0.Final/mapstruct-1.2.0.Final.jar
7ff07a884000-7ff07a886000 r--s 00000000 08:02 6817230                    /home/f1soft/.m2/repository/org/springframework/plugin/spring-plugin-metadata/1.2.0.RELEASE/spring-plugin-metadata-1.2.0.RELEASE.jar
7ff07a886000-7ff07a887000 r--s 00004000 08:02 6817229                    /home/f1soft/.m2/repository/org/springframework/plugin/spring-plugin-core/1.2.0.RELEASE/spring-plugin-core-1.2.0.RELEASE.jar
7ff07a887000-7ff07a889000 r--s 00009000 08:02 6292705                    /home/f1soft/.m2/repository/org/slf4j/slf4j-api/1.7.26/slf4j-api-1.7.26.jar
7ff07a889000-7ff07a88b000 r--s 0000f000 08:02 6292759                    /home/f1soft/.m2/repository/com/fasterxml/classmate/1.4.0/classmate-1.4.0.jar
7ff07a88b000-7ff07a8ba000 r--s 00226000 08:02 4196951                    /home/f1soft/.m2/repository/com/google/guava/guava/20.0/guava-20.0.jar
7ff07a8ba000-7ff07a8bd000 r--s 0001d000 08:02 4196972                    /home/f1soft/.m2/repository/org/reflections/reflections/0.9.11/reflections-0.9.11.jar
7ff07a8bd000-7ff07a8c2000 r--s 00027000 08:02 7738356                    /home/f1soft/.m2/repository/io/springfox/springfox-spring-web/2.8.0/springfox-spring-web-2.8.0.jar
7ff07a8c2000-7ff07a8c5000 r--s 00015000 08:02 7738365                    /home/f1soft/.m2/repository/io/springfox/springfox-swagger-common/2.8.0/springfox-swagger-common-2.8.0.jar
7ff07a8c5000-7ff07a8c8000 r--s 00011000 08:02 7738367                    /home/f1soft/.m2/repository/io/springfox/springfox-schema/2.8.0/springfox-schema-2.8.0.jar
7ff07a8c8000-7ff07a8cc000 r--s 00018000 08:02 7738359                    /home/f1soft/.m2/repository/io/springfox/springfox-core/2.8.0/springfox-core-2.8.0.jar
7ff07a8cc000-7ff07a8cf000 r--s 0000a000 08:02 7738277                    /home/f1soft/.m2/repository/io/springfox/springfox-spi/2.8.0/springfox-spi-2.8.0.jar
7ff07a8cf000-7ff07a8d2000 r--s 0000e000 08:02 6292735                    /home/f1soft/.m2/repository/com/fasterxml/jackson/core/jackson-annotations/2.9.0/jackson-annotations-2.9.0.jar
7ff07a8d2000-7ff07a8d6000 r--s 00020000 08:02 7738366                    /home/f1soft/.m2/repository/io/swagger/swagger-models/1.5.14/swagger-models-1.5.14.jar
7ff07a8d6000-7ff07a8d8000 r--s 00004000 08:02 7738372                    /home/f1soft/.m2/repository/io/swagger/swagger-annotations/1.5.14/swagger-annotations-1.5.14.jar
7ff07a8d8000-7ff07a8da000 r--s 0000e000 08:02 7738353                    /home/f1soft/.m2/repository/io/springfox/springfox-swagger2/2.8.0/springfox-swagger2-2.8.0.jar
7ff07a8da000-7ff07a8df000 r--s 00040000 08:02 7739942                    /home/f1soft/.m2/repository/org/springframework/spring-expression/5.1.8.RELEASE/spring-expression-5.1.8.RELEASE.jar
7ff07a8df000-7ff07a8ee000 r--s 000b5000 08:02 7864487                    /home/f1soft/.m2/repository/org/springframework/spring-webmvc/5.1.8.RELEASE/spring-webmvc-5.1.8.RELEASE.jar
7ff07a8ee000-7ff07a90a000 r--s 00137000 08:02 7864503                    /home/f1soft/.m2/repository/org/springframework/spring-web/5.1.8.RELEASE/spring-web-5.1.8.RELEASE.jar
7ff07a90a000-7ff07a90f000 r--s 00012000 08:02 6292739                    /home/f1soft/.m2/repository/javax/validation/validation-api/2.0.1.Final/validation-api-2.0.1.Final.jar
7ff07a90f000-7ff07a92c000 r--s 000fe000 08:02 7864504                    /home/f1soft/.m2/repository/org/hibernate/validator/hibernate-validator/6.0.17.Final/hibernate-validator-6.0.17.Final.jar
7ff07a92c000-7ff07a931000 r--s 0003c000 08:02 7864502                    /home/f1soft/.m2/repository/org/apache/tomcat/embed/tomcat-embed-websocket/9.0.21/tomcat-embed-websocket-9.0.21.jar
7ff07a931000-7ff07a936000 r--s 00039000 08:02 7864500                    /home/f1soft/.m2/repository/org/apache/tomcat/embed/tomcat-embed-el/9.0.21/tomcat-embed-el-9.0.21.jar
7ff07a936000-7ff07a961000 r--s 00306000 08:02 7864498                    /home/f1soft/.m2/repository/org/apache/tomcat/embed/tomcat-embed-core/9.0.21/tomcat-embed-core-9.0.21.jar
7ff07a961000-7ff07a962000 r--s 00000000 08:02 7864494                    /home/f1soft/.m2/repository/org/springframework/boot/spring-boot-starter-tomcat/2.1.6.RELEASE/spring-boot-starter-tomcat-2.1.6.RELEASE.jar
7ff07a962000-7ff07a964000 r--s 00001000 08:02 7864497                    /home/f1soft/.m2/repository/com/fasterxml/jackson/module/jackson-module-parameter-names/2.9.9/jackson-module-parameter-names-2.9.9.jar
7ff07a964000-7ff07a966000 r--s 00007000 08:02 7864490                    /home/f1soft/.m2/repository/com/fasterxml/jackson/datatype/jackson-datatype-jdk8/2.9.9/jackson-datatype-jdk8-2.9.9.jar
7ff07a966000-7ff07a967000 r--s 00000000 08:02 7864482                    /home/f1soft/.m2/repository/org/springframework/boot/spring-boot-starter-json/2.1.6.RELEASE/spring-boot-starter-json-2.1.6.RELEASE.jar
7ff07a967000-7ff07a968000 r--s 00000000 08:02 7864474                    /home/f1soft/.m2/repository/org/springframework/boot/spring-boot-starter-web/2.1.6.RELEASE/spring-boot-starter-web-2.1.6.RELEASE.jar
7ff07a968000-7ff07a96a000 r--s 0000a000 08:02 7864467                    /home/f1soft/.m2/repository/org/springframework/spring-aspects/5.1.8.RELEASE/spring-aspects-5.1.8.RELEASE.jar
7ff07a96a000-7ff07a982000 r--s 00107000 08:02 7864473                    /home/f1soft/.m2/repository/org/springframework/data/spring-data-commons/2.1.9.RELEASE/spring-data-commons-2.1.9.RELEASE.jar
7ff07a982000-7ff07a98a000 r--s 00050000 08:02 7864470                    /home/f1soft/.m2/repository/org/springframework/data/spring-data-jpa/2.1.9.RELEASE/spring-data-jpa-2.1.9.RELEASE.jar
7ff07a98a000-7ff07a98e000 r--s 00020000 08:02 6294709                    /home/f1soft/.m2/repository/com/zaxxer/HikariCP/3.2.0/HikariCP-3.2.0.jar
7ff07a98e000-7ff07a9a7000 r--s 001da000 08:02 5901790                    /home/f1soft/.m2/repository/org/aspectj/aspectjweaver/1.9.4/aspectjweaver-1.9.4.jar
7ff07a9a7000-7ff07a9b1000 r--s 00051000 08:02 5508713                    /home/f1soft/.m2/repository/org/springframework/spring-aop/5.1.8.RELEASE/spring-aop-5.1.8.RELEASE.jar
7ff07a9b1000-7ff07a9ba000 r--s 0005f000 08:02 7866641                    /home/f1soft/.m2/repository/io/micrometer/micrometer-core/1.1.5/micrometer-core-1.1.5.jar
7ff07a9ba000-7ff07a9d4000 r--s 000f4000 08:02 5379488                    /home/f1soft/.m2/repository/org/springframework/spring-context/5.1.8.RELEASE/spring-context-5.1.8.RELEASE.jar
7ff07a9d4000-7ff07a9e7000 r--s 00137000 08:02 7864486                    /home/f1soft/.m2/repository/com/fasterxml/jackson/core/jackson-databind/2.9.9/jackson-databind-2.9.9.jar
7ff07a9e7000-7ff07a9e8000 ---p 00000000 00:00 0 
7ff07a9e8000-7ff07aae8000 rw-p 00000000 00:00 0 
7ff07aae8000-7ff07aaeb000 ---p 00000000 00:00 0 
7ff07aaeb000-7ff07abe9000 rw-p 00000000 00:00 0 
7ff07abe9000-7ff07abea000 ---p 00000000 00:00 0 
7ff07abea000-7ff07abed000 ---p 00000000 00:00 0 
7ff07abed000-7ff07acea000 rw-p 00000000 00:00 0 
7ff07acea000-7ff07aceb000 ---p 00000000 00:00 0 
7ff07aceb000-7ff07acee000 ---p 00000000 00:00 0 
7ff07acee000-7ff07adeb000 rw-p 00000000 00:00 0 
7ff07adeb000-7ff07adec000 ---p 00000000 00:00 0 
7ff07adec000-7ff07adef000 ---p 00000000 00:00 0 
7ff07adef000-7ff07aeec000 rw-p 00000000 00:00 0 
7ff07aeec000-7ff07aeef000 ---p 00000000 00:00 0 
7ff07aeef000-7ff07afed000 rw-p 00000000 00:00 0 
7ff07afed000-7ff07aff0000 ---p 00000000 00:00 0 
7ff07aff0000-7ff07b0ee000 rw-p 00000000 00:00 0 
7ff07b0ee000-7ff07b0f1000 ---p 00000000 00:00 0 
7ff07b0f1000-7ff07b1ef000 rw-p 00000000 00:00 0 
7ff07b1ef000-7ff07b1f3000 r-xp 00000000 08:02 13903191                   /usr/lib/jvm/java-8-openjdk-amd64/jre/lib/amd64/libdt_socket.so
7ff07b1f3000-7ff07b3f2000 ---p 00004000 08:02 13903191                   /usr/lib/jvm/java-8-openjdk-amd64/jre/lib/amd64/libdt_socket.so
7ff07b3f2000-7ff07b3f3000 r--p 00003000 08:02 13903191                   /usr/lib/jvm/java-8-openjdk-amd64/jre/lib/amd64/libdt_socket.so
7ff07b3f3000-7ff07b3f4000 rw-p 00004000 08:02 13903191                   /usr/lib/jvm/java-8-openjdk-amd64/jre/lib/amd64/libdt_socket.so
7ff07b3f4000-7ff07b3f7000 ---p 00000000 00:00 0 
7ff07b3f7000-7ff07b4f5000 rw-p 00000000 00:00 0 
7ff07b4f5000-7ff07b4f8000 ---p 00000000 00:00 0 
7ff07b4f8000-7ff07b5f6000 rw-p 00000000 00:00 0 
7ff07b5f6000-7ff07b5f9000 ---p 00000000 00:00 0 
7ff07b5f9000-7ff07b6f7000 rw-p 00000000 00:00 0 
7ff07b6f7000-7ff07b6f8000 ---p 00000000 00:00 0 
7ff07b6f8000-7ff07c000000 rw-p 00000000 00:00 0 
7ff07c000000-7ff07c021000 rw-p 00000000 00:00 0 
7ff07c021000-7ff080000000 ---p 00000000 00:00 0 
7ff080000000-7ff080001000 r--s 00006000 08:02 5638749                    /home/f1soft/.m2/repository/javax/transaction/javax.transaction-api/1.3/javax.transaction-api-1.3.jar
7ff080001000-7ff080002000 r--s 00000000 08:02 7864462                    /home/f1soft/.m2/repository/org/springframework/boot/spring-boot-starter-jdbc/2.1.6.RELEASE/spring-boot-starter-jdbc-2.1.6.RELEASE.jar
7ff080002000-7ff080003000 r--s 00000000 08:02 7739936                    /home/f1soft/.m2/repository/org/springframework/boot/spring-boot-starter-aop/2.1.6.RELEASE/spring-boot-starter-aop-2.1.6.RELEASE.jar
7ff080003000-7ff080004000 r--s 00000000 08:02 7739934                    /home/f1soft/.m2/repository/org/springframework/boot/spring-boot-starter-data-jpa/2.1.6.RELEASE/spring-boot-starter-data-jpa-2.1.6.RELEASE.jar
7ff080004000-7ff080006000 r--s 00006000 08:02 6292857                    /home/f1soft/.m2/repository/org/latencyutils/LatencyUtils/2.0.3/LatencyUtils-2.0.3.jar
7ff080006000-7ff080008000 r--s 0001a000 08:02 6293122                    /home/f1soft/.m2/repository/org/hdrhistogram/HdrHistogram/2.1.9/HdrHistogram-2.1.9.jar
7ff080008000-7ff08000b000 r--s 00016000 08:02 7864492                    /home/f1soft/.m2/repository/com/fasterxml/jackson/datatype/jackson-datatype-jsr310/2.9.9/jackson-datatype-jsr310-2.9.9.jar
7ff08000b000-7ff08000f000 r--s 0004c000 08:02 7864488                    /home/f1soft/.m2/repository/com/fasterxml/jackson/core/jackson-core/2.9.9/jackson-core-2.9.9.jar
7ff08000f000-7ff08001f000 r--s 0006d000 08:02 7866639                    /home/f1soft/.m2/repository/org/springframework/boot/spring-boot-actuator/2.1.6.RELEASE/spring-boot-actuator-2.1.6.RELEASE.jar
7ff08001f000-7ff08002d000 r--s 0005d000 08:02 7866637                    /home/f1soft/.m2/repository/org/springframework/boot/spring-boot-actuator-autoconfigure/2.1.6.RELEASE/spring-boot-actuator-autoconfigure-2.1.6.RELEASE.jar
7ff08002d000-7ff080034000 r--s 00043000 08:02 6292695                    /home/f1soft/.m2/repository/org/yaml/snakeyaml/1.23/snakeyaml-1.23.jar
7ff080034000-7ff080036000 r--s 00005000 08:02 6292744                    /home/f1soft/.m2/repository/javax/annotation/javax.annotation-api/1.3.2/javax.annotation-api-1.3.2.jar
7ff080036000-7ff08003c000 r--s 0003c000 08:02 6292655                    /home/f1soft/.m2/repository/org/apache/logging/log4j/log4j-api/2.11.2/log4j-api-2.11.2.jar
7ff08003c000-7ff080047000 r--s 00069000 08:02 6292685                    /home/f1soft/.m2/repository/ch/qos/logback/logback-core/1.2.3/logback-core-1.2.3.jar
7ff080047000-7ff08004d000 r--s 00041000 08:02 6292684                    /home/f1soft/.m2/repository/ch/qos/logback/logback-classic/1.2.3/logback-classic-1.2.3.jar
7ff08004d000-7ff080060000 r--s 00346000 08:02 13910295                   /usr/lib/jvm/java-8-openjdk-amd64/jre/lib/resources.jar
7ff080060000-7ff08007b000 r--s 001d6000 08:02 13906176                   /usr/lib/jvm/java-8-openjdk-amd64/jre/lib/ext/nashorn.jar
7ff08007b000-7ff080096000 r--s 00394000 08:02 13906171                   /usr/lib/jvm/java-8-openjdk-amd64/jre/lib/ext/cldrdata.jar
7ff080096000-7ff081000000 rw-p 00000000 00:00 0 
7ff081000000-7ff0813c0000 rwxp 00000000 00:00 0 
7ff0813c0000-7ff090000000 ---p 00000000 00:00 0 
7ff090000000-7ff090a38000 rw-p 00000000 00:00 0 
7ff090a38000-7ff094000000 ---p 00000000 00:00 0 
7ff094000000-7ff094002000 r--s 00000000 08:02 6292699                    /home/f1soft/.m2/repository/org/slf4j/jul-to-slf4j/1.7.26/jul-to-slf4j-1.7.26.jar
7ff094002000-7ff094004000 r--s 00003000 08:02 6292692                    /home/f1soft/.m2/repository/org/apache/logging/log4j/log4j-to-slf4j/2.11.2/log4j-to-slf4j-2.11.2.jar
7ff094004000-7ff094005000 r--s 00000000 08:02 7864480                    /home/f1soft/.m2/repository/org/springframework/boot/spring-boot-starter-logging/2.1.6.RELEASE/spring-boot-starter-logging-2.1.6.RELEASE.jar
7ff094005000-7ff094006000 r--s 00000000 08:02 7739946                    /home/f1soft/.m2/repository/org/springframework/boot/spring-boot-starter/2.1.6.RELEASE/spring-boot-starter-2.1.6.RELEASE.jar
7ff094006000-7ff094007000 r--s 00000000 08:02 7742732                    /home/f1soft/.m2/repository/org/springframework/boot/spring-boot-starter-actuator/2.1.6.RELEASE/spring-boot-starter-actuator-2.1.6.RELEASE.jar
7ff094007000-7ff094008000 r--s 00000000 08:02 13906194                   /usr/lib/jvm/java-8-openjdk-amd64/jre/lib/management-agent.jar
7ff094008000-7ff09400c000 r--s 000a1000 08:02 13906192                   /usr/lib/jvm/java-8-openjdk-amd64/jre/lib/jsse.jar
7ff09400c000-7ff09400e000 r--s 00016000 08:02 13906190                   /usr/lib/jvm/java-8-openjdk-amd64/jre/lib/jce.jar
7ff09400e000-7ff094013000 r--s 002f9000 08:02 13906157                   /usr/lib/jvm/java-8-openjdk-amd64/jre/lib/charsets.jar
7ff094013000-7ff094015000 r--s 00020000 08:02 3801540                    /home/f1soft/Documents/softwares/idea-IU-172.3757.52/plugins/junit/lib/junit-rt.jar
7ff094015000-7ff0940a5000 rw-p 00000000 00:00 0 
7ff0940a5000-7ff094274000 r--s 03c3b000 08:02 13910297                   /usr/lib/jvm/java-8-openjdk-amd64/jre/lib/rt.jar
7ff094274000-7ff094aa3000 rw-p 00000000 00:00 0 
7ff094aa3000-7ff094aa4000 ---p 00000000 00:00 0 
7ff094aa4000-7ff094ba4000 rw-p 00000000 00:00 0 
7ff094ba4000-7ff094ba5000 ---p 00000000 00:00 0 
7ff094ba5000-7ff094ca5000 rw-p 00000000 00:00 0 
7ff094ca5000-7ff094ca6000 ---p 00000000 00:00 0 
7ff094ca6000-7ff094da6000 rw-p 00000000 00:00 0 
7ff094da6000-7ff094da7000 ---p 00000000 00:00 0 
7ff094da7000-7ff094efa000 rw-p 00000000 00:00 0 
7ff094efa000-7ff0953cd000 ---p 00000000 00:00 0 
7ff0953cd000-7ff095420000 rw-p 00000000 00:00 0 
7ff095420000-7ff0958f3000 ---p 00000000 00:00 0 
7ff0958f3000-7ff09591d000 rw-p 00000000 00:00 0 
7ff09591d000-7ff095b86000 ---p 00000000 00:00 0 
7ff095b86000-7ff095b96000 rw-p 00000000 00:00 0 
7ff095b96000-7ff095f47000 ---p 00000000 00:00 0 
7ff095f47000-7ff095f4f000 r-xp 00000000 08:02 13906151                   /usr/lib/jvm/java-8-openjdk-amd64/jre/lib/amd64/libzip.so
7ff095f4f000-7ff09614e000 ---p 00008000 08:02 13906151                   /usr/lib/jvm/java-8-openjdk-amd64/jre/lib/amd64/libzip.so
7ff09614e000-7ff09614f000 r--p 00007000 08:02 13906151                   /usr/lib/jvm/java-8-openjdk-amd64/jre/lib/amd64/libzip.so
7ff09614f000-7ff096150000 rw-p 00008000 08:02 13906151                   /usr/lib/jvm/java-8-openjdk-amd64/jre/lib/amd64/libzip.so
7ff096150000-7ff09615b000 r-xp 00000000 08:02 12058675                   /lib/x86_64-linux-gnu/libnss_files-2.27.so
7ff09615b000-7ff09635a000 ---p 0000b000 08:02 12058675                   /lib/x86_64-linux-gnu/libnss_files-2.27.so
7ff09635a000-7ff09635b000 r--p 0000a000 08:02 12058675                   /lib/x86_64-linux-gnu/libnss_files-2.27.so
7ff09635b000-7ff09635c000 rw-p 0000b000 08:02 12058675                   /lib/x86_64-linux-gnu/libnss_files-2.27.so
7ff09635c000-7ff096362000 rw-p 00000000 00:00 0 
7ff096362000-7ff096379000 r-xp 00000000 08:02 12058672                   /lib/x86_64-linux-gnu/libnsl-2.27.so
7ff096379000-7ff096578000 ---p 00017000 08:02 12058672                   /lib/x86_64-linux-gnu/libnsl-2.27.so
7ff096578000-7ff096579000 r--p 00016000 08:02 12058672                   /lib/x86_64-linux-gnu/libnsl-2.27.so
7ff096579000-7ff09657a000 rw-p 00017000 08:02 12058672                   /lib/x86_64-linux-gnu/libnsl-2.27.so
7ff09657a000-7ff09657c000 rw-p 00000000 00:00 0 
7ff09657c000-7ff096587000 r-xp 00000000 08:02 12058677                   /lib/x86_64-linux-gnu/libnss_nis-2.27.so
7ff096587000-7ff096786000 ---p 0000b000 08:02 12058677                   /lib/x86_64-linux-gnu/libnss_nis-2.27.so
7ff096786000-7ff096787000 r--p 0000a000 08:02 12058677                   /lib/x86_64-linux-gnu/libnss_nis-2.27.so
7ff096787000-7ff096788000 rw-p 0000b000 08:02 12058677                   /lib/x86_64-linux-gnu/libnss_nis-2.27.so
7ff096788000-7ff096790000 r-xp 00000000 08:02 12058673                   /lib/x86_64-linux-gnu/libnss_compat-2.27.so
7ff096790000-7ff096990000 ---p 00008000 08:02 12058673                   /lib/x86_64-linux-gnu/libnss_compat-2.27.so
7ff096990000-7ff096991000 r--p 00008000 08:02 12058673                   /lib/x86_64-linux-gnu/libnss_compat-2.27.so
7ff096991000-7ff096992000 rw-p 00009000 08:02 12058673                   /lib/x86_64-linux-gnu/libnss_compat-2.27.so
7ff096992000-7ff096c71000 r--p 00000000 08:02 13893961                   /usr/lib/locale/locale-archive
7ff096c71000-7ff096c73000 r-xp 00000000 08:02 13906139                   /usr/lib/jvm/java-8-openjdk-amd64/jre/lib/amd64/libnpt.so
7ff096c73000-7ff096e73000 ---p 00002000 08:02 13906139                   /usr/lib/jvm/java-8-openjdk-amd64/jre/lib/amd64/libnpt.so
7ff096e73000-7ff096e74000 r--p 00002000 08:02 13906139                   /usr/lib/jvm/java-8-openjdk-amd64/jre/lib/amd64/libnpt.so
7ff096e74000-7ff096e75000 rw-p 00003000 08:02 13906139                   /usr/lib/jvm/java-8-openjdk-amd64/jre/lib/amd64/libnpt.so
7ff096e75000-7ff096eaf000 r-xp 00000000 08:02 13904958                   /usr/lib/jvm/java-8-openjdk-amd64/jre/lib/amd64/libjdwp.so
7ff096eaf000-7ff0970ae000 ---p 0003a000 08:02 13904958                   /usr/lib/jvm/java-8-openjdk-amd64/jre/lib/amd64/libjdwp.so
7ff0970ae000-7ff0970af000 r--p 00039000 08:02 13904958                   /usr/lib/jvm/java-8-openjdk-amd64/jre/lib/amd64/libjdwp.so
7ff0970af000-7ff0970b0000 rw-p 0003a000 08:02 13904958                   /usr/lib/jvm/java-8-openjdk-amd64/jre/lib/amd64/libjdwp.so
7ff0970b0000-7ff0970dc000 r-xp 00000000 08:02 13903388                   /usr/lib/jvm/java-8-openjdk-amd64/jre/lib/amd64/libjava.so
7ff0970dc000-7ff0972db000 ---p 0002c000 08:02 13903388                   /usr/lib/jvm/java-8-openjdk-amd64/jre/lib/amd64/libjava.so
7ff0972db000-7ff0972dc000 r--p 0002b000 08:02 13903388                   /usr/lib/jvm/java-8-openjdk-amd64/jre/lib/amd64/libjava.so
7ff0972dc000-7ff0972de000 rw-p 0002c000 08:02 13903388                   /usr/lib/jvm/java-8-openjdk-amd64/jre/lib/amd64/libjava.so
7ff0972de000-7ff0972ee000 r-xp 00000000 08:02 13906149                   /usr/lib/jvm/java-8-openjdk-amd64/jre/lib/amd64/libverify.so
7ff0972ee000-7ff0974ed000 ---p 00010000 08:02 13906149                   /usr/lib/jvm/java-8-openjdk-amd64/jre/lib/amd64/libverify.so
7ff0974ed000-7ff0974ef000 r--p 0000f000 08:02 13906149                   /usr/lib/jvm/java-8-openjdk-amd64/jre/lib/amd64/libverify.so
7ff0974ef000-7ff0974f0000 rw-p 00011000 08:02 13906149                   /usr/lib/jvm/java-8-openjdk-amd64/jre/lib/amd64/libverify.so
7ff0974f0000-7ff0974f7000 r-xp 00000000 08:02 12058682                   /lib/x86_64-linux-gnu/librt-2.27.so
7ff0974f7000-7ff0976f6000 ---p 00007000 08:02 12058682                   /lib/x86_64-linux-gnu/librt-2.27.so
7ff0976f6000-7ff0976f7000 r--p 00006000 08:02 12058682                   /lib/x86_64-linux-gnu/librt-2.27.so
7ff0976f7000-7ff0976f8000 rw-p 00007000 08:02 12058682                   /lib/x86_64-linux-gnu/librt-2.27.so
7ff0976f8000-7ff09770f000 r-xp 00000000 08:02 12067540                   /lib/x86_64-linux-gnu/libgcc_s.so.1
7ff09770f000-7ff09790e000 ---p 00017000 08:02 12067540                   /lib/x86_64-linux-gnu/libgcc_s.so.1
7ff09790e000-7ff09790f000 r--p 00016000 08:02 12067540                   /lib/x86_64-linux-gnu/libgcc_s.so.1
7ff09790f000-7ff097910000 rw-p 00017000 08:02 12067540                   /lib/x86_64-linux-gnu/libgcc_s.so.1
7ff097910000-7ff097aad000 r-xp 00000000 08:02 12058669                   /lib/x86_64-linux-gnu/libm-2.27.so
7ff097aad000-7ff097cac000 ---p 0019d000 08:02 12058669                   /lib/x86_64-linux-gnu/libm-2.27.so
7ff097cac000-7ff097cad000 r--p 0019c000 08:02 12058669                   /lib/x86_64-linux-gnu/libm-2.27.so
7ff097cad000-7ff097cae000 rw-p 0019d000 08:02 12058669                   /lib/x86_64-linux-gnu/libm-2.27.so
7ff097cae000-7ff097e27000 r-xp 00000000 08:02 13895127                   /usr/lib/x86_64-linux-gnu/libstdc++.so.6.0.25
7ff097e27000-7ff098027000 ---p 00179000 08:02 13895127                   /usr/lib/x86_64-linux-gnu/libstdc++.so.6.0.25
7ff098027000-7ff098031000 r--p 00179000 08:02 13895127                   /usr/lib/x86_64-linux-gnu/libstdc++.so.6.0.25
7ff098031000-7ff098033000 rw-p 00183000 08:02 13895127                   /usr/lib/x86_64-linux-gnu/libstdc++.so.6.0.25
7ff098033000-7ff098037000 rw-p 00000000 00:00 0 
7ff098037000-7ff098cd4000 r-xp 00000000 08:02 13906155                   /usr/lib/jvm/java-8-openjdk-amd64/jre/lib/amd64/server/libjvm.so
7ff098cd4000-7ff098ed3000 ---p 00c9d000 08:02 13906155                   /usr/lib/jvm/java-8-openjdk-amd64/jre/lib/amd64/server/libjvm.so
7ff098ed3000-7ff098f67000 r--p 00c9c000 08:02 13906155                   /usr/lib/jvm/java-8-openjdk-amd64/jre/lib/amd64/server/libjvm.so
7ff098f67000-7ff098f90000 rw-p 00d30000 08:02 13906155                   /usr/lib/jvm/java-8-openjdk-amd64/jre/lib/amd64/server/libjvm.so
7ff098f90000-7ff098fc0000 rw-p 00000000 00:00 0 
7ff098fc0000-7ff098fda000 r-xp 00000000 08:02 12058680                   /lib/x86_64-linux-gnu/libpthread-2.27.so
7ff098fda000-7ff0991d9000 ---p 0001a000 08:02 12058680                   /lib/x86_64-linux-gnu/libpthread-2.27.so
7ff0991d9000-7ff0991da000 r--p 00019000 08:02 12058680                   /lib/x86_64-linux-gnu/libpthread-2.27.so
7ff0991da000-7ff0991db000 rw-p 0001a000 08:02 12058680                   /lib/x86_64-linux-gnu/libpthread-2.27.so
7ff0991db000-7ff0991df000 rw-p 00000000 00:00 0 
7ff0991df000-7ff0991e2000 r-xp 00000000 08:02 12058668                   /lib/x86_64-linux-gnu/libdl-2.27.so
7ff0991e2000-7ff0993e1000 ---p 00003000 08:02 12058668                   /lib/x86_64-linux-gnu/libdl-2.27.so
7ff0993e1000-7ff0993e2000 r--p 00002000 08:02 12058668                   /lib/x86_64-linux-gnu/libdl-2.27.so
7ff0993e2000-7ff0993e3000 rw-p 00003000 08:02 12058668                   /lib/x86_64-linux-gnu/libdl-2.27.so
7ff0993e3000-7ff0993ff000 r-xp 00000000 08:02 12058831                   /lib/x86_64-linux-gnu/libz.so.1.2.11
7ff0993ff000-7ff0995fe000 ---p 0001c000 08:02 12058831                   /lib/x86_64-linux-gnu/libz.so.1.2.11
7ff0995fe000-7ff0995ff000 r--p 0001b000 08:02 12058831                   /lib/x86_64-linux-gnu/libz.so.1.2.11
7ff0995ff000-7ff099600000 rw-p 0001c000 08:02 12058831                   /lib/x86_64-linux-gnu/libz.so.1.2.11
7ff099600000-7ff0997e7000 r-xp 00000000 08:02 12058665                   /lib/x86_64-linux-gnu/libc-2.27.so
7ff0997e7000-7ff0999e7000 ---p 001e7000 08:02 12058665                   /lib/x86_64-linux-gnu/libc-2.27.so
7ff0999e7000-7ff0999eb000 r--p 001e7000 08:02 12058665                   /lib/x86_64-linux-gnu/libc-2.27.so
7ff0999eb000-7ff0999ed000 rw-p 001eb000 08:02 12058665                   /lib/x86_64-linux-gnu/libc-2.27.so
7ff0999ed000-7ff0999f1000 rw-p 00000000 00:00 0 
7ff0999f1000-7ff0999ff000 r-xp 00000000 08:02 13903132                   /usr/lib/jvm/java-8-openjdk-amd64/jre/lib/amd64/jli/libjli.so
7ff0999ff000-7ff099bfe000 ---p 0000e000 08:02 13903132                   /usr/lib/jvm/java-8-openjdk-amd64/jre/lib/amd64/jli/libjli.so
7ff099bfe000-7ff099bff000 r--p 0000d000 08:02 13903132                   /usr/lib/jvm/java-8-openjdk-amd64/jre/lib/amd64/jli/libjli.so
7ff099bff000-7ff099c00000 rw-p 0000e000 08:02 13903132                   /usr/lib/jvm/java-8-openjdk-amd64/jre/lib/amd64/jli/libjli.so
7ff099c00000-7ff099c27000 r-xp 00000000 08:02 12058661                   /lib/x86_64-linux-gnu/ld-2.27.so
7ff099c27000-7ff099c31000 r--s 00116000 08:02 13906175                   /usr/lib/jvm/java-8-openjdk-amd64/jre/lib/ext/localedata.jar
7ff099c31000-7ff099d02000 rw-p 00000000 00:00 0 
7ff099d02000-7ff099d03000 ---p 00000000 00:00 0 
7ff099d03000-7ff099d06000 ---p 00000000 00:00 0 
7ff099d06000-7ff099e05000 rw-p 00000000 00:00 0 
7ff099e05000-7ff099e06000 r--s 00007000 08:02 3801542                    /home/f1soft/Documents/softwares/idea-IU-172.3757.52/plugins/junit/lib/junit5-rt.jar
7ff099e06000-7ff099e08000 r--s 0001a000 08:02 3408594                    /home/f1soft/Documents/softwares/idea-IU-172.3757.52/lib/idea_rt.jar
7ff099e08000-7ff099e0a000 r--s 00008000 08:02 13906177                   /usr/lib/jvm/java-8-openjdk-amd64/jre/lib/ext/sunec.jar
7ff099e0a000-7ff099e0b000 r--s 0000a000 08:02 13906174                   /usr/lib/jvm/java-8-openjdk-amd64/jre/lib/ext/jaccess.jar
7ff099e0b000-7ff099e0e000 r--s 0000f000 08:02 13906173                   /usr/lib/jvm/java-8-openjdk-amd64/jre/lib/ext/icedtea-sound.jar
7ff099e0e000-7ff099e10000 r--s 00007000 08:02 13109                      /usr/share/java/java-atk-wrapper.jar
7ff099e10000-7ff099e15000 r--s 0003c000 08:02 13906178                   /usr/lib/jvm/java-8-openjdk-amd64/jre/lib/ext/sunjce_provider.jar
7ff099e15000-7ff099e17000 r--s 00001000 08:02 13906172                   /usr/lib/jvm/java-8-openjdk-amd64/jre/lib/ext/dnsns.jar
7ff099e17000-7ff099e1a000 r--s 00039000 08:02 13906179                   /usr/lib/jvm/java-8-openjdk-amd64/jre/lib/ext/sunpkcs11.jar
7ff099e1a000-7ff099e1b000 r--s 00010000 08:02 13906180                   /usr/lib/jvm/java-8-openjdk-amd64/jre/lib/ext/zipfs.jar
7ff099e1b000-7ff099e23000 rw-s 00000000 08:02 787688                     /tmp/hsperfdata_f1soft/9616
7ff099e23000-7ff099e24000 rw-p 00000000 00:00 0 
7ff099e24000-7ff099e25000 ---p 00000000 00:00 0 
7ff099e25000-7ff099e27000 rw-p 00000000 00:00 0 
7ff099e27000-7ff099e28000 r--p 00027000 08:02 12058661                   /lib/x86_64-linux-gnu/ld-2.27.so
7ff099e28000-7ff099e29000 rw-p 00028000 08:02 12058661                   /lib/x86_64-linux-gnu/ld-2.27.so
7ff099e29000-7ff099e2a000 rw-p 00000000 00:00 0 
7fffa1f57000-7fffa1f7b000 rw-p 00000000 00:00 0                          [stack]
7fffa1fde000-7fffa1fe1000 r--p 00000000 00:00 0                          [vvar]
7fffa1fe1000-7fffa1fe3000 r-xp 00000000 00:00 0                          [vdso]
ffffffffff600000-ffffffffff601000 r-xp 00000000 00:00 0                  [vsyscall]

VM Arguments:
jvm_args: -agentlib:jdwp=transport=dt_socket,address=127.0.0.1:38857,suspend=y,server=n -ea -Didea.test.cyclic.buffer.size=1048576 -Dfile.encoding=UTF-8 
java_command: com.intellij.rt.execution.junit.JUnitStarter -ideVersion5 -junit4 com.cogent.servicetest.DepartmentServiceImplTest,createDepartment_ShouldCreateData
java_class_path (initial): /home/f1soft/Documents/softwares/idea-IU-172.3757.52/lib/idea_rt.jar:/home/f1soft/Documents/softwares/idea-IU-172.3757.52/plugins/junit/lib/junit-rt.jar:/home/f1soft/Documents/softwares/idea-IU-172.3757.52/plugins/junit/lib/junit5-rt.jar:/usr/lib/jvm/java-8-openjdk-amd64/jre/lib/charsets.jar:/usr/lib/jvm/java-8-openjdk-amd64/jre/lib/ext/cldrdata.jar:/usr/lib/jvm/java-8-openjdk-amd64/jre/lib/ext/dnsns.jar:/usr/lib/jvm/java-8-openjdk-amd64/jre/lib/ext/icedtea-sound.jar:/usr/lib/jvm/java-8-openjdk-amd64/jre/lib/ext/jaccess.jar:/usr/lib/jvm/java-8-openjdk-amd64/jre/lib/ext/java-atk-wrapper.jar:/usr/lib/jvm/java-8-openjdk-amd64/jre/lib/ext/localedata.jar:/usr/lib/jvm/java-8-openjdk-amd64/jre/lib/ext/nashorn.jar:/usr/lib/jvm/java-8-openjdk-amd64/jre/lib/ext/sunec.jar:/usr/lib/jvm/java-8-openjdk-amd64/jre/lib/ext/sunjce_provider.jar:/usr/lib/jvm/java-8-openjdk-amd64/jre/lib/ext/sunpkcs11.jar:/usr/lib/jvm/java-8-openjdk-amd64/jre/lib/ext/zipfs.jar:/usr/lib/jvm/java-8-openjdk-amd64/jre/lib/jce.jar:/usr/lib/jvm/java-8-openjdk-amd64/jre/lib/jsse.jar:/usr/lib/jvm/java-8-openjdk-amd64/jre/lib/management-agent.jar:/usr/lib/jvm/java-8-openjdk-amd64/jre/lib/resources.jar:/usr/lib/jvm/java-8-openjdk-amd64/jre/lib/rt.jar:/home/f1soft/Documents/cogent-workspace/spring-security-with-zuul/department-service/target/test-classes:/home/f1soft/Documents/cogent-workspace/spring-security-with-zuul/department-service/target/classes:/home/f1soft/.m2/repository/org/springframework/boot/spring-boot-starter-actuator/2.1.6.RELEASE/spring-boot-starter-actuator-2.1.6.RELEASE.jar:/home/f1soft/.m2/repository/org/springframework/boot/spring-boot-starter/2.1.6.RELEASE/spring-boot-starter-2.1.6.RELEASE.jar:/home/f1soft/.m2/repository/org/springframework/boot/spring-boot-starter-logging/2.1.6.RELEASE/spring-boot-starter-logging-2.1.6.RELEASE.jar:/home/f1soft/.m2/repository/ch/qos/logback/logback-classic/1.2.3/logback-classic-1.2.3.jar:/home/f1soft/.m2/repository/ch/qos/logback/
Launcher Type: SUN_STANDARD

Environment Variables:
PATH=/home/f1soft/bin:/usr/local/sbin:/usr/local/bin:/usr/sbin:/usr/bin:/sbin:/bin:/usr/games:/usr/local/games:/snap/bin
USERNAME=f1soft
LD_LIBRARY_PATH=/home/f1soft/Documents/softwares/idea-IU-172.3757.52/bin:
SHELL=/bin/bash
DISPLAY=:0

Signal Handlers:
SIGSEGV: [libjvm.so+0xab5000], sa_mask[0]=11111111011111111101111111111110, sa_flags=SA_RESTART|SA_SIGINFO
SIGBUS: [libjvm.so+0xab5000], sa_mask[0]=11111111011111111101111111111110, sa_flags=SA_RESTART|SA_SIGINFO
SIGFPE: [libjvm.so+0x8ea970], sa_mask[0]=11111111011111111101111111111110, sa_flags=SA_RESTART|SA_SIGINFO
SIGPIPE: [libjvm.so+0x8ea970], sa_mask[0]=11111111011111111101111111111110, sa_flags=SA_RESTART|SA_SIGINFO
SIGXFSZ: [libjvm.so+0x8ea970], sa_mask[0]=11111111011111111101111111111110, sa_flags=SA_RESTART|SA_SIGINFO
SIGILL: [libjvm.so+0x8ea970], sa_mask[0]=11111111011111111101111111111110, sa_flags=SA_RESTART|SA_SIGINFO
SIGUSR1: SIG_DFL, sa_mask[0]=00000000000000000000000000000000, sa_flags=none
SIGUSR2: [libjvm.so+0x8ea820], sa_mask[0]=00100000000000000000000000000000, sa_flags=SA_RESTART|SA_SIGINFO
SIGHUP: [libjvm.so+0x8eae90], sa_mask[0]=11111111011111111101111111111110, sa_flags=SA_RESTART|SA_SIGINFO
SIGINT: [libjvm.so+0x8eae90], sa_mask[0]=11111111011111111101111111111110, sa_flags=SA_RESTART|SA_SIGINFO
SIGTERM: [libjvm.so+0x8eae90], sa_mask[0]=11111111011111111101111111111110, sa_flags=SA_RESTART|SA_SIGINFO
SIGQUIT: [libjvm.so+0x8eae90], sa_mask[0]=11111111011111111101111111111110, sa_flags=SA_RESTART|SA_SIGINFO


---------------  S Y S T E M  ---------------

OS:DISTRIB_ID=Ubuntu
DISTRIB_RELEASE=18.04
DISTRIB_CODENAME=bionic
DISTRIB_DESCRIPTION="Ubuntu 18.04.2 LTS"

uname:Linux 4.15.0-54-generic #58-Ubuntu SMP Mon Jun 24 10:55:24 UTC 2019 x86_64
libc:glibc 2.27 NPTL 2.27 
rlimit: STACK 8192k, CORE 0k, NPROC 62809, NOFILE 1048576, AS infinity
load average:1.16 1.46 1.44

/proc/meminfo:
MemTotal:       16188592 kB
MemFree:         7212968 kB
MemAvailable:    9945664 kB
Buffers:          204496 kB
Cached:          3175752 kB
SwapCached:            0 kB
Active:          6340296 kB
Inactive:        2197716 kB
Active(anon):    5162612 kB
Inactive(anon):   472104 kB
Active(file):    1177684 kB
Inactive(file):  1725612 kB
Unevictable:          80 kB
Mlocked:              80 kB
SwapTotal:      16536572 kB
SwapFree:       16536572 kB
Dirty:             31684 kB
Writeback:             0 kB
AnonPages:       5157980 kB
Mapped:           701208 kB
Shmem:            476956 kB
Slab:             233208 kB
SReclaimable:     162468 kB
SUnreclaim:        70740 kB
KernelStack:       18416 kB
PageTables:        81524 kB
NFS_Unstable:          0 kB
Bounce:                0 kB
WritebackTmp:          0 kB
CommitLimit:    24630868 kB
Committed_AS:   14239808 kB
VmallocTotal:   34359738367 kB
VmallocUsed:           0 kB
VmallocChunk:          0 kB
HardwareCorrupted:     0 kB
AnonHugePages:         0 kB
ShmemHugePages:        0 kB
ShmemPmdMapped:        0 kB
CmaTotal:              0 kB
CmaFree:               0 kB
HugePages_Total:       0
HugePages_Free:        0
HugePages_Rsvd:        0
HugePages_Surp:        0
Hugepagesize:       2048 kB
DirectMap4k:      252056 kB
DirectMap2M:     4751360 kB
DirectMap1G:    11534336 kB

container (cgroup) information:
container_type: cgroupv1
cpu_cpuset_cpus: 0-3
cpu_memory_nodes: 0
active_processor_count: 4
cpu_quota: -1
cpu_period: 100000
cpu_shares: -1
memory_limit_in_bytes: -1
memory_and_swap_limit_in_bytes: -2
memory_soft_limit_in_bytes: -1
memory_usage_in_bytes: 8743604224
memory_max_usage_in_bytes: 0


CPU:total 4 (initial active 4) (2 cores per cpu, 2 threads per core) family 6 model 142 stepping 9, cmov, cx8, fxsr, mmx, sse, sse2, sse3, ssse3, sse4.1, sse4.2, popcnt, avx, avx2, aes, clmul, erms, 3dnowpref, lzcnt, ht, tsc, tscinvbit, bmi1, bmi2, adx

/proc/cpuinfo:
processor	: 0
vendor_id	: GenuineIntel
cpu family	: 6
model		: 142
model name	: Intel(R) Core(TM) i5-7200U CPU @ 2.50GHz
stepping	: 9
microcode	: 0xb4
cpu MHz		: 3100.005
cache size	: 3072 KB
physical id	: 0
siblings	: 4
core id		: 0
cpu cores	: 2
apicid		: 0
initial apicid	: 0
fpu		: yes
fpu_exception	: yes
cpuid level	: 22
wp		: yes
flags		: fpu vme de pse tsc msr pae mce cx8 apic sep mtrr pge mca cmov pat pse36 clflush dts acpi mmx fxsr sse sse2 ss ht tm pbe syscall nx pdpe1gb rdtscp lm constant_tsc art arch_perfmon pebs bts rep_good nopl xtopology nonstop_tsc cpuid aperfmperf tsc_known_freq pni pclmulqdq dtes64 monitor ds_cpl vmx est tm2 ssse3 sdbg fma cx16 xtpr pdcm pcid sse4_1 sse4_2 x2apic movbe popcnt tsc_deadline_timer aes xsave avx f16c rdrand lahf_lm abm 3dnowprefetch cpuid_fault epb invpcid_single pti ssbd ibrs ibpb stibp tpr_shadow vnmi flexpriority ept vpid fsgsbase tsc_adjust bmi1 avx2 smep bmi2 erms invpcid mpx rdseed adx smap clflushopt intel_pt xsaveopt xsavec xgetbv1 xsaves dtherm ida arat pln pts hwp hwp_notify hwp_act_window hwp_epp md_clear flush_l1d
bugs		: cpu_meltdown spectre_v1 spectre_v2 spec_store_bypass l1tf mds
bogomips	: 5424.00
clflush size	: 64
cache_alignment	: 64
address sizes	: 39 bits physical, 48 bits virtual
power management:

processor	: 1
vendor_id	: GenuineIntel
cpu family	: 6
model		: 142
model name	: Intel(R) Core(TM) i5-7200U CPU @ 2.50GHz
stepping	: 9
microcode	: 0xb4
cpu MHz		: 3100.000
cache size	: 3072 KB
physical id	: 0
siblings	: 4
core id		: 1
cpu cores	: 2
apicid		: 2
initial apicid	: 2
fpu		: yes
fpu_exception	: yes
cpuid level	: 22
wp		: yes
flags		: fpu vme de pse tsc msr pae mce cx8 apic sep mtrr pge mca cmov pat pse36 clflush dts acpi mmx fxsr sse sse2 ss ht tm pbe syscall nx pdpe1gb rdtscp lm constant_tsc art arch_perfmon pebs bts rep_good nopl xtopology nonstop_tsc cpuid aperfmperf tsc_known_freq pni pclmulqdq dtes64 monitor ds_cpl vmx est tm2 ssse3 sdbg fma cx16 xtpr pdcm pcid sse4_1 sse4_2 x2apic movbe popcnt tsc_deadline_timer aes xsave avx f16c rdrand lahf_lm abm 3dnowprefetch cpuid_fault epb invpcid_single pti ssbd ibrs ibpb stibp tpr_shadow vnmi flexpriority ept vpid fsgsbase tsc_adjust bmi1 avx2 smep bmi2 erms invpcid mpx rdseed adx smap clflushopt intel_pt xsaveopt xsavec xgetbv1 xsaves dtherm ida arat pln pts hwp hwp_notify hwp_act_window hwp_epp md_clear flush_l1d
bugs		: cpu_meltdown spectre_v1 spectre_v2 spec_store_bypass l1tf mds
bogomips	: 5424.00
clflush size	: 64
cache_alignment	: 64
address sizes	: 39 bits physical, 48 bits virtual
power management:

processor	: 2
vendor_id	: GenuineIntel
cpu family	: 6
model		: 142
model name	: Intel(R) Core(TM) i5-7200U CPU @ 2.50GHz
stepping	: 9
microcode	: 0xb4
cpu MHz		: 3100.001
cache size	: 3072 KB
physical id	: 0
siblings	: 4
core id		: 0
cpu cores	: 2
apicid		: 1
initial apicid	: 1
fpu		: yes
fpu_exception	: yes
cpuid level	: 22
wp		: yes
flags		: fpu vme de pse tsc msr pae mce cx8 apic sep mtrr pge mca cmov pat pse36 clflush dts acpi mmx fxsr sse sse2 ss ht tm pbe syscall nx pdpe1gb rdtscp lm constant_tsc art arch_perfmon pebs bts rep_good nopl xtopology nonstop_tsc cpuid aperfmperf tsc_known_freq pni pclmulqdq dtes64 monitor ds_cpl vmx est tm2 ssse3 sdbg fma cx16 xtpr pdcm pcid sse4_1 sse4_2 x2apic movbe popcnt tsc_deadline_timer aes xsave avx f16c rdrand lahf_lm abm 3dnowprefetch cpuid_fault epb invpcid_single pti ssbd ibrs ibpb stibp tpr_shadow vnmi flexpriority ept vpid fsgsbase tsc_adjust bmi1 avx2 smep bmi2 erms invpcid mpx rdseed adx smap clflushopt intel_pt xsaveopt xsavec xgetbv1 xsaves dtherm ida arat pln pts hwp hwp_notify hwp_act_window hwp_epp md_clear flush_l1d
bugs		: cpu_meltdown spectre_v1 spectre_v2 spec_store_bypass l1tf mds
bogomips	: 5424.00
clflush size	: 64
cache_alignment	: 64
address sizes	: 39 bits physical, 48 bits virtual
power management:

processor	: 3
vendor_id	: GenuineIntel
cpu family	: 6
model		: 142
model name	: Intel(R) Core(TM) i5-7200U CPU @ 2.50GHz
stepping	: 9
microcode	: 0xb4
cpu MHz		: 3100.001
cache size	: 3072 KB
physical id	: 0
siblings	: 4
core id		: 1
cpu cores	: 2
apicid		: 3
initial apicid	: 3
fpu		: yes
fpu_exception	: yes
cpuid level	: 22
wp		: yes
flags		: fpu vme de pse tsc msr pae mce cx8 apic sep mtrr pge mca cmov pat pse36 clflush dts acpi mmx fxsr sse sse2 ss ht tm pbe syscall nx pdpe1gb rdtscp lm constant_tsc art arch_perfmon pebs bts rep_good nopl xtopology nonstop_tsc cpuid aperfmperf tsc_known_freq pni pclmulqdq dtes64 monitor ds_cpl vmx est tm2 ssse3 sdbg fma cx16 xtpr pdcm pcid sse4_1 sse4_2 x2apic movbe popcnt tsc_deadline_timer aes xsave avx f16c rdrand lahf_lm abm 3dnowprefetch cpuid_fault epb invpcid_single pti ssbd ibrs ibpb stibp tpr_shadow vnmi flexpriority ept vpid fsgsbase tsc_adjust bmi1 avx2 smep bmi2 erms invpcid mpx rdseed adx smap clflushopt intel_pt xsaveopt xsavec xgetbv1 xsaves dtherm ida arat pln pts hwp hwp_notify hwp_act_window hwp_epp md_clear flush_l1d
bugs		: cpu_meltdown spectre_v1 spectre_v2 spec_store_bypass l1tf mds
bogomips	: 5424.00
clflush size	: 64
cache_alignment	: 64
address sizes	: 39 bits physical, 48 bits virtual
power management:



Memory: 4k page, physical 16188592k(7205992k free), swap 16536572k(16536572k free)

vm_info: OpenJDK 64-Bit Server VM (25.212-b03) for linux-amd64 JRE (1.8.0_212-8u212-b03-0ubuntu1.18.04.1-b03), built on Apr 26 2019 01:04:36 by "buildd" with gcc 7.3.0

time: Wed Jul 17 16:02:53 2019
timezone: +0545
elapsed time: 6963 seconds (0d 1h 56m 3s)

